<?xml version="1.0" encoding="UTF-8"?>
<!-- Generated by org.testng.reporters.JUnitReportReporter -->
<testsuite hostname="LAPTOP-P3A7DST5" failures="0" tests="1" name="testCases.TC_LoginDDT_002" time="0.000" errors="0" timestamp="2022-09-22T21:15:35 IST" skipped="1">
  <testcase classname="testCases.TC_LoginDDT_002" name="loginDDT" time="0.000">
    <skipped/>
  </testcase> <!-- loginDDT -->
  <system-out/>
</testsuite> <!-- testCases.TC_LoginDDT_002 -->
